#
#model:
#
#<?xml version="1.0" encoding="UTF-8" standalone="no"?><input id="posterior" spec="beast.core.util.CompoundDistribution">
#    <distribution id="prior" spec="beast.core.util.CompoundDistribution">
#        <distribution id="YuleModel.t:true_alignment_10_evidence" spec="beast.evolution.speciation.YuleModel">
#            <parameter id="birthRate.t:true_alignment_10_evidence" name="birthDiffRate" spec="beast.core.parameter.RealParameter">1.0</parameter>
#            <tree id="Tree.t:true_alignment_10_evidence" spec="beast.evolution.tree.Tree">
#                <taxonset id="TaxonSet.true_alignment_10_evidence" spec="beast.evolution.alignment.TaxonSet">
#                </taxonset>
#            </tree>
#        </distribution>
#        <prior id="YuleBirthRatePrior.t:true_alignment_10_evidence" name="distribution" x="@birthRate.t:true_alignment_10_evidence">
#            <Uniform id="Uniform.100" name="distr" upper="Infinity"/>
#        </prior>
#        <prior id="kappa1Prior.s:true_alignment_10_evidence" name="distribution">
#            <parameter id="kappa1.s:true_alignment_10_evidence" lower="0.0" name="x" spec="beast.core.parameter.RealParameter">2.0</parameter>
#            <LogNormal id="LogNormalDistributionModel.0" name="distr">
#                <parameter estimate="false" id="RealParameter.0" name="M" spec="beast.core.parameter.RealParameter">1.0</parameter>
#                <parameter estimate="false" id="RealParameter.1" lower="0.0" name="S" spec="beast.core.parameter.RealParameter" upper="Infinity">1.25</parameter>
#            </LogNormal>
#        </prior>
#        <prior id="kappa2Prior.s:true_alignment_10_evidence" name="distribution">
#            <parameter id="kappa2.s:true_alignment_10_evidence" lower="0.0" name="x" spec="beast.core.parameter.RealParameter">2.0</parameter>
#            <LogNormal id="LogNormalDistributionModel.1" name="distr">
#                <parameter estimate="false" id="RealParameter.2" name="M" spec="beast.core.parameter.RealParameter">1.0</parameter>
#                <parameter estimate="false" id="RealParameter.3" lower="0.0" name="S" spec="beast.core.parameter.RealParameter" upper="Infinity">1.25</parameter>
#            </LogNormal>
#        </prior>
#    </distribution>
#    <distribution id="likelihood" spec="beast.core.util.CompoundDistribution" useThreads="true">
#        <distribution data="@true_alignment_10_evidence" id="treeLikelihood.true_alignment_10_evidence" spec="beast.evolution.likelihood.ThreadedTreeLikelihood" tree="@Tree.t:true_alignment_10_evidence">
#            <siteModel id="SiteModel.s:true_alignment_10_evidence" spec="beast.evolution.sitemodel.SiteModel">
#                <parameter estimate="false" id="mutationRate.s:true_alignment_10_evidence" name="mutationRate" spec="beast.core.parameter.RealParameter">1.0</parameter>
#                <parameter estimate="false" id="gammaShape.s:true_alignment_10_evidence" name="shape" spec="beast.core.parameter.RealParameter">1.0</parameter>
#                <parameter estimate="false" id="proportionInvariant.s:true_alignment_10_evidence" lower="0.0" name="proportionInvariant" spec="beast.core.parameter.RealParameter" upper="1.0">0.0</parameter>
#                <substModel id="tn93.s:true_alignment_10_evidence" kappa1="@kappa1.s:true_alignment_10_evidence" kappa2="@kappa2.s:true_alignment_10_evidence" spec="beast.evolution.substitutionmodel.TN93">
#                    <frequencies id="estimatedFreqs.s:true_alignment_10_evidence" spec="beast.evolution.substitutionmodel.Frequencies">
#                        <parameter dimension="4" id="freqParameter.s:true_alignment_10_evidence" lower="0.0" name="frequencies" spec="beast.core.parameter.RealParameter" upper="1.0">0.25</parameter>
#                    </frequencies>
#                </substModel>
#            </siteModel>
#            <branchRateModel id="StrictClock.c:true_alignment_10_evidence" spec="beast.evolution.branchratemodel.StrictClockModel">
#                <parameter estimate="false" id="clockRate.c:true_alignment_10_evidence" name="clock.rate" spec="beast.core.parameter.RealParameter">1.0</parameter>
#            </branchRateModel>
#        </distribution>
#    </distribution>
#</input>
#
Sample	NSlikelihood	posterior	likelihood	prior	treeLikelihood	TreeHeight	kappa1	kappa2	freqParameter.1	freqParameter.2	freqParameter.3	freqParameter.4	YuleModel	birthRate
0	-20849.460551151275	-20830.82986324848	-20849.460551151275	18.63068790279542	-20849.460551151275	0.014295198294168355	1.4605085600954453	3.9766409815862573	0.23263916867401405	0.2598378841838034	0.2544796739866691	0.2530432731555135	22.843879424765248	172.20471163966351
1	-20110.12726060393	-20088.518280852786	-20110.12726060393	21.608979751143664	-20110.12726060393	0.007915156428413167	1.2684926732947366	1.5205147173968896	0.24055014071616987	0.25496647740778516	0.2587418818812527	0.2457414999947923	24.84391281129574	183.61814715255727
2	-19983.05765503302	-19962.991747013166	-19983.05765503302	20.065908019851584	-19983.05765503302	0.011036715786913233	1.2340206044832818	2.530350886884219	0.23761340241323226	0.25176849022861175	0.253606398852246	0.25701170850591	23.689921878909992	99.87923584160188
3	-19420.034492201426	-19400.692778791807	-19420.034492201426	19.341713409620084	-19420.034492201426	0.004998339692281137	3.7098557138610726	2.6713823067068128	0.24892665572865194	0.25176849022861175	0.2395370153436421	0.2597678386990942	23.950512870504987	573.9065513802186
4	-15168.997245633724	-15168.411592302102	-15168.997245633724	0.5856533316217929	-15168.997245633724	0.2609156575155936	4.074960082546831	5.7882814285064	0.26323522073727224	0.24052917708340102	0.2509769966653731	0.24525860551395368	6.2657777499096	10.184437319431055
5	-14586.57635619278	-14585.604238452359	-14586.57635619278	0.9721177404200954	-14586.57635619278	0.15482063981888125	9.936932600550271	4.599755879522695	0.2546587402869976	0.23133971031488287	0.2592856285485924	0.25471592084952716	7.704772384947246	8.247137977768746
6	-12635.898347133181	-12642.14548284913	-12635.898347133181	-6.247135715947925	-12635.898347133181	0.44906255072753615	9.43825982497503	5.456246641556921	0.2567533744815743	0.23242537046865325	0.2603694681062944	0.250451786943478	0.6297395872695564	7.523050159922049
7	-11589.889656653557	-11595.330227303775	-11589.889656653557	-5.440570650218408	-11589.889656653557	0.336635272624931	4.364639480897072	11.016361549858434	0.24746934851602403	0.24511539107375227	0.2647411903249131	0.2426740700853106	1.4149122185355325	3.0399068904250544
8	-11226.996022847308	-11234.03016348294	-11226.996022847308	-7.034140635630829	-11226.996022847308	0.4566816739768944	6.971645435304198	6.975685993316059	0.2524372073519652	0.2495313934660578	0.2584296108799795	0.2396017883019975	-0.2976115177453291	6.719985458449741
9	-9638.070810369394	-9651.858835362189	-9638.070810369394	-13.788024992794682	-9638.070810369394	2.5321518149035254	4.440159914743342	1.9373553893393316	0.245258494180087	0.2418954726772278	0.2736512747425223	0.23919475840016285	-9.238093436909336	0.7753989509159778
10	-9339.796920401393	-9353.476000584196	-9339.796920401393	-13.679080182803437	-9339.796920401393	1.952967239246975	5.455927831379477	3.6921581287120064	0.25152012884957037	0.243878881558904	0.2718864953645523	0.2327144942269732	-8.206671004207443	1.2868129871834133
11	-9204.69876056449	-9225.968342328986	-9204.69876056449	-21.26958176449562	-9204.69876056449	10.68054600323697	2.3876545096327217	5.760092241207449	0.23515791823860202	0.24086313577969737	0.27060429971052524	0.25337464627117523	-16.178312520294156	0.22224921970614994
12	-9122.491159245208	-9130.260280098417	-9122.491159245208	-7.7691208532094	-9122.491159245208	0.6509908476690932	1.060197139914382	4.700297823525923	0.2211131533539742	0.2518987013930917	0.25861846245472025	0.2683696827982136	-3.4992275147076017	2.8161954086536505
13	-9110.876248488348	-9120.117418568048	-9110.876248488348	-9.241170079699922	-9110.876248488348	0.887421573585223	0.6167413926334067	2.229181857973372	0.20326983622666311	0.2557990126608188	0.2669948123256749	0.273936338786843	-5.922022683935481	2.8255268231675115
14	-9061.685418064566	-9077.389324960192	-9061.685418064566	-15.703906895626071	-9061.685418064566	4.010209248192722	0.554686122141059	1.2291529991883339	0.22694801761796699	0.2672000101031714	0.24335361390181928	0.26249835837704205	-12.792862425930139	0.3648327108002612
15	-9029.085501360209	-9039.194228868282	-9029.085501360209	-10.108727508074054	-9029.085501360209	1.394908593572032	1.502054169078723	1.0848707390142085	0.22959457588774107	0.25848835142193216	0.2552222323627168	0.2566948403276097	-6.953689504791613	0.6388381743668817
16	-8909.496207727989	-8920.952988256835	-8909.496207727989	-11.456780528845528	-8909.496207727989	1.7646992857493466	4.551181894587403	0.5100752881097476	0.22959457588774107	0.26080885889415634	0.25345375348566057	0.25614281173244174	-7.349558594779805	1.0571158177731015
17	-8865.213775748	-8871.231168701293	-8865.213775748	-6.017392953293667	-8865.213775748	0.695953276574472	2.393565301357889	0.8602595772851205	0.23797334857533814	0.2530272796059974	0.250420824766227	0.2585785470524371	-2.582203405405061	1.9895361951576989
18	-8852.108997071782	-8861.89396816436	-8852.108997071782	-9.784971092578463	-8852.108997071782	1.0248080827167707	2.393565301357889	2.0207867356883655	0.23839929829432638	0.25903974542552155	0.26391937341961325	0.2386415828605385	-5.891222747900467	2.761557597562312
19	-8803.953726540358	-8816.292416002987	-8803.953726540358	-12.338689462628707	-8803.953726540358	2.8136866134030463	2.6731750729317008	0.5150183091570173	0.23367392153169356	0.2543768845334598	0.2690249363155484	0.24292425761929787	-8.849151027559172	0.6694509368819023
20	-8792.827517310418	-8810.107164243338	-8792.827517310418	-17.27964693291974	-8792.827517310418	4.099581086612888	6.172535054784146	0.7162693584243637	0.23853558534917554	0.24747979479483043	0.27106494754807453	0.24291967230791917	-12.724645639715737	0.5596673832240207
21	-8786.036247094937	-8795.944308015462	-8786.036247094937	-9.908060920524456	-8786.036247094937	1.2281552404004683	3.7791546086383367	0.5407493484391529	0.21900168215019608	0.2581259359115673	0.26782231841765325	0.2550500635205832	-6.0400285911424705	1.6261589804703414
22	-8754.817305670731	-8767.905884106694	-8754.817305670731	-13.088578435963333	-8754.817305670731	3.078575005306015	4.267683654034372	0.3547786054383409	0.2143183960804717	0.26344563423221196	0.27145606027216956	0.2507799094151466	-8.99766024538966	0.5357388873305393
23	-8731.549466614944	-8741.021063976055	-8731.549466614944	-9.471597361111316	-8731.549466614944	1.5317925262225316	3.5795428605586954	0.9153041173256171	0.21570782047269635	0.272959732285494	0.26808964945537983	0.2432427977864298	-5.59731004355001	1.0265350764812364
24	-8666.602602732588	-8674.733742096676	-8666.602602732588	-8.131139364088254	-8666.602602732588	1.2047634915857448	1.1732786471757721	0.7181527310839889	0.22740522595884674	0.2581650914921686	0.28318360042353025	0.23124608212545425	-5.225385991242447	1.5362024144755908
25	-8592.725482610542	-8599.262348546283	-8592.725482610542	-6.536865935741765	-8592.725482610542	0.8901384498964562	0.4017197652400094	0.4241959256192757	0.23446234850362865	0.2601952329432557	0.28985055117402986	0.2154918673790856	-3.748254267800552	1.4580263972032665
26	-8584.935560316359	-8592.100591373739	-8584.935560316359	-7.165031057380119	-8584.935560316359	0.854942902809257	1.3643351220216806	1.1200226528296864	0.23309816648714723	0.2749372200083144	0.2824582435221761	0.2095063699823621	-4.053225210213074	2.0584316303025183
27	-8544.033445985922	-8551.205620585824	-8544.033445985922	-7.172174599901656	-8544.033445985922	0.8790805514281812	1.4042469512684346	1.2059800062757757	0.23634620996849529	0.27203520085190713	0.287823472401192	0.2037951167784054	-4.0102560456971075	1.5386266132320678
28	-8542.85406994075	-8550.977450971817	-8542.85406994075	-8.123381031067982	-8542.85406994075	1.133692870209051	0.9266123863668854	1.4501164970144205	0.22793962560091957	0.25336521271728835	0.30881499247281596	0.20988016920897593	-5.046807064732812	1.5692813815151658
29	-8538.735522652942	-8545.722820066701	-8538.735522652942	-6.9872974137592845	-8538.735522652942	0.9845194823265683	0.8171374603685465	1.4501164970144205	0.23709206139802788	0.2448111623019073	0.2942850032182932	0.22381177308177136	-3.9447940125637513	1.5910614012288886
30	-8528.184171872575	-8535.241769977743	-8528.184171872575	-7.057598105168175	-8528.184171872575	0.8709599194450438	1.1828296247119725	1.259618922201452	0.26303266812151904	0.22904683276586882	0.2942850032182932	0.21363549589431868	-3.9638258860986655	2.087610698688663
31	-8514.469700977746	-8521.949128977218	-8514.469700977746	-7.479427999471292	-8514.469700977746	0.9408103307861967	0.9108520686238245	1.6123297694479228	0.2596715541876088	0.22904683276586882	0.29770136144195164	0.2135802516045705	-4.34110677086896	1.4199657855247465
32	-8513.218186139116	-8520.46682018478	-8513.218186139116	-7.24863404566427	-8513.218186139116	0.8680255194865069	0.8645421253577265	1.2613269551560728	0.26150762027597113	0.22904683276586882	0.2958652953535893	0.2135802516045705	-4.269262905121583	1.8240195007921842
33	-8509.834087655676	-8516.74270362888	-8509.834087655676	-6.908615973203113	-8509.834087655676	1.0260343659243534	0.8064847297694497	1.1474759669309995	0.26150762027597113	0.22904683276586882	0.2958652953535893	0.2135802516045705	-3.991496445361021	1.1156481880441365
34	-8504.664443779895	-8511.87423086879	-8504.664443779895	-7.209787088895215	-8504.664443779895	0.9658906221141614	1.0156298897289888	0.8796860478231665	0.26150762027597113	0.22416944789521837	0.2958652953535893	0.21845763647522096	-4.3208527091341224	1.18154335585058
35	-8501.1748144469	-8507.955940624348	-8501.1748144469	-6.781126177448495	-8501.1748144469	0.9909229109613392	0.8551118161381032	1.0245124684313318	0.26959447220357047	0.22654055150286273	0.2797368481333361	0.22412812816023045	-3.8965647396221486	1.2261850098768128
36	-8499.716774682638	-8507.490840055545	-8499.716774682638	-7.77406537290722	-8499.716774682638	1.0493229002808737	0.9209345493757469	1.1900391616934762	0.270232869060731	0.2395247806695863	0.26128405028643265	0.22895829998324982	-4.805060305948251	1.826403294394445
37	-8496.644400912875	-8504.203707473605	-8496.644400912875	-7.559306560729419	-8496.644400912875	1.0670396237843536	0.8265919576050769	0.9790142007610342	0.2819737564178574	0.24672575094653998	0.2476626495157477	0.22363784311985477	-4.699587546060471	0.8165020768639811
38	-8492.865540185103	-8500.447876785538	-8492.865540185103	-7.582336600435352	-8492.865540185103	1.0632340623614944	0.7577914332880211	1.0865685143839536	0.2819737564178574	0.24710626371499295	0.2476626495157477	0.2232573303514018	-4.701307898210695	1.8309138335801367
39	-8484.715801082764	-8491.790924142404	-8484.715801082764	-7.075123059640578	-8484.715801082764	0.967820733908747	0.7577914332880211	1.106327188791552	0.2819737564178574	0.2495641258535288	0.24520478737721185	0.2232573303514018	-4.186545268950654	1.4166225482879031
40	-8484.122867492308	-8490.935775292846	-8484.122867492308	-6.81290780053797	-8484.122867492308	0.8972490887647215	0.7577914332880211	1.196385473130704	0.2745525722361945	0.2495641258535288	0.2534628051250619	0.2224204967852146	-3.8891358866266774	1.4744326186649142
41	-8481.382579785333	-8488.731036531817	-8481.382579785333	-7.348456746482977	-8481.382579785333	1.018769592246191	1.1491158995848558	0.9246159924817688	0.2615498697954359	0.25610517551340933	0.2502518373402104	0.23209311735094423	-4.394322965027551	1.3449110205741217
42	-8479.458541541586	-8487.945435684922	-8479.458541541586	-8.486894143335542	-8479.458541541586	0.9251450977946017	1.004753290247041	0.9273206867036118	0.2615498697954359	0.25610517551340933	0.2502518373402104	0.23209311735094423	-5.586357801428075	0.6182187143611906
43	-8478.056471427064	-8485.942955327431	-8478.056471427064	-7.886483900367563	-8478.056471427064	0.9627984663494696	1.1090230354316046	1.0527339829791533	0.2577334873351439	0.25610517551340933	0.25853899123410895	0.22762234591733768	-4.902294834261404	2.385212788435993
44	-8477.320659334071	-8484.52225904045	-8477.320659334071	-7.2015997063798585	-8477.320659334071	0.9849608679134666	0.977442292583038	1.0527339829791533	0.2565065761612336	0.2551044055720792	0.2635589437038321	0.22483007456285498	-4.26613699989133	1.3828987093878582
45	-8477.10503800732	-8486.086871032576	-8477.10503800732	-8.981833025257302	-8477.10503800732	1.0001208115520805	0.9425865371614375	1.0527339829791533	0.26758683498327457	0.2601948416661778	0.2498650947522307	0.22235322859831683	-6.058490308253298	2.769481040914585
46	-8476.007567539516	-8483.099736201275	-8476.007567539516	-7.0921686617593185	-8476.007567539516	0.982474661164962	0.8812626678277624	0.9338451076200971	0.25209511657251665	0.25537840402458617	0.2563674722910808	0.23615900711181625	-4.231536732856039	1.2922133436326977
47	-8475.219982546523	-8481.9092628519	-8475.219982546523	-6.689280305375203	-8475.219982546523	0.8604681698453536	1.0144106795854282	0.9338451076200971	0.2585734646145299	0.24779238445334498	0.24333522568027802	0.250298925251847	-3.783040800985705	1.465075935424149
48	-8473.786937648272	-8480.910391881242	-8473.786937648272	-7.123454232969588	-8473.786937648272	0.9747232795284076	1.0144106795854282	0.8537374897217592	0.2504284145806398	0.25593743448723505	0.24333522568027802	0.250298925251847	-4.24299929844078	1.3683536701734944
49	-8473.404192271691	-8480.876789490989	-8473.404192271691	-7.472597219296823	-8473.404192271691	1.0541275597442046	1.028832616894317	0.8396305994250237	0.2580926572612601	0.24744774369331665	0.2476444176194963	0.2468151814259268	-4.591090291927191	1.6249663158942809
50	-8472.406620998403	-8479.429487453248	-8472.406620998403	-7.02286645484482	-8472.406620998403	0.9825864200373161	0.9235632467986891	0.8906154187622027	0.2583798037255596	0.25028531690489425	0.24988535800101874	0.24144952136852724	-4.162713836182174	1.5304599629914908
51	-8470.272426202713	-8477.111943498732	-8470.272426202713	-6.839517296019334	-8470.272426202713	0.9738425727022971	0.9235632467986891	0.9279359368607525	0.25689636777826397	0.25028531690489425	0.24988535800101874	0.2429329573158228	-3.967090863352945	1.4619870974245381
52	-8469.75104720532	-8477.14782960629	-8469.75104720532	-7.396782400971409	-8469.75104720532	0.9416645028205918	0.973192658894688	0.9366957582248686	0.2488900297085682	0.25952295405060744	0.2434642173125565	0.2481227989282676	-4.504338579270666	2.0660456623683037
53	-8469.178180534262	-8477.874901814386	-8469.178180534262	-8.696721280124738	-8469.178180534262	0.9506109708047381	0.973192658894688	0.9366957582248686	0.2609544064113739	0.24526153104743473	0.24566126361292345	0.2481227989282676	-5.804277458423994	2.7340525853268898
54	-8468.799322014776	-8475.701217780284	-8468.799322014776	-6.901895765507859	-8468.799322014776	0.9306092392128267	0.973192658894688	0.968013200042739	0.2489520490004219	0.2548305978253292	0.24566126361292345	0.25055608956132513	-3.998642911028087	1.208020492360763
55	-8468.785569942289	-8476.156614864272	-8468.785569942289	-7.37104492198264	-8468.785569942289	0.947557795439361	0.9692262219872011	0.9508317680872989	0.2489520490004219	0.2525246157058438	0.24566126361292345	0.25286207168081054	-4.475157804248801	1.9842083493908487
56	-8468.749050489814	-8475.79314900794	-8468.749050489814	-7.044098518127256	-8468.749050489814	0.9478412037357004	0.9370171308775282	0.9508317680872989	0.25247288846316635	0.24676433909313936	0.24790070076288342	0.25286207168081054	-4.159336542156524	1.5316954833107383
57	-8468.724666090395	-8476.320278147277	-8468.724666090395	-7.595612056883269	-8468.724666090395	0.9366933939461041	0.9370171308775282	0.9542623528936613	0.2519527685351153	0.24728445902119042	0.24790070076288342	0.25286207168081054	-4.709665605402702	2.116867283592198
58	-8468.696950318546	-8476.20114336356	-8468.696950318546	-7.504193045013762	-8468.696950318546	0.9612274556331007	0.9370171308775282	0.9542623528936613	0.2511376883797728	0.24809953917653288	0.25660197737296697	0.24416079507072697	-4.618246593533196	0.8599570676800548
59	-8468.663041406238	-8476.775824611139	-8468.663041406238	-8.112783204900724	-8468.663041406238	0.977558894016408	0.9370171308775282	1.0170438618819257	0.2511376883797728	0.24957117401543705	0.24523745679615222	0.25405368080863755	-5.204508651561527	2.3699364013774544
60	-8468.542419633684	-8475.532196375101	-8468.542419633684	-6.989776741416966	-8468.542419633684	0.9649561199648703	0.9370171308775282	1.0170438618819257	0.2559297293828952	0.24957117401543705	0.25347676548915776	0.2410223311125096	-4.081502188077769	1.4324688845292293
61	-8468.31956078647	-8475.348135044247	-8468.31956078647	-7.028574257775883	-8468.31956078647	0.9719494362636807	0.9370171308775282	1.0170438618819257	0.2509093963846434	0.25306550925400445	0.2455875488350562	0.25043754552629555	-4.120299704436686	1.227948778542208
62	-8468.242878466133	-8476.34586685584	-8468.242878466133	-8.102988389705587	-8468.242878466133	0.9606356324786297	0.9432881557617183	0.8742232755835189	0.2509093963846434	0.24438311262140533	0.2542699454676553	0.25043754552629555	-5.241360567936731	2.416365998385244
63	-8468.025285152291	-8475.471697660225	-8468.025285152291	-7.446412507934461	-8468.025285152291	0.9586673690811318	0.9432881557617183	1.015019905505193	0.2509093963846434	0.24527912960223688	0.2542699454676553	0.249541528545464	-4.536737544347117	1.9847579366602164
64	-8467.908217960981	-8474.899829039587	-8467.908217960981	-6.9916110786046035	-8467.908217960981	0.965128694197163	0.939433011918246	1.003972174437745	0.2541971787438118	0.2507633184323805	0.24895284130993867	0.24608666151386857	-4.087257934809957	1.4618548550737636
65	-8467.79332192108	-8477.403535591042	-8467.79332192108	-9.610213669961755	-8467.79332192108	0.9726747166333667	0.939433011918246	1.003972174437745	0.2568373019153003	0.24600442124238606	0.25048998469756606	0.2466682921447471	-6.70586052616711	0.4556884167432438
66	-8467.750642263572	-8474.720173265903	-8467.750642263572	-6.969531002330885	-8467.750642263572	0.9470524884697885	0.939433011918246	1.003972174437745	0.252688920876346	0.2494028907580202	0.25048998469756606	0.24741820366806724	-4.065177858536238	1.5003976377599546
67	-8467.700804478938	-8474.576586902303	-8467.700804478938	-6.875782423364742	-8467.700804478938	0.9375578167281965	0.939433011918246	0.9185903927025648	0.252688920876346	0.2494028907580202	0.25048998469756606	0.24741820366806724	-4.001123470054142	1.3175426754830117
68	-8467.661363843745	-8474.582022156332	-8467.661363843745	-6.920658312587119	-8467.661363843745	0.9546648151916944	0.939433011918246	0.9185903927025648	0.252688920876346	0.2494028907580202	0.25048998469756606	0.24741820366806724	-4.045999359276519	1.2467470686527573
69	-8467.646128383443	-8476.087069977117	-8467.646128383443	-8.440941593674	-8467.646128383443	0.9534114187174347	0.939433011918246	0.9185903927025648	0.252688920876346	0.2494028907580202	0.25048998469756606	0.24741820366806724	-5.566282640363399	2.6150511646594112
70	-8467.535742248196	-8474.841625299921	-8467.535742248196	-7.305883051726475	-8467.535742248196	0.9670009407635196	0.9366352025381571	0.9185903927025648	0.2540264155188724	0.2494028907580202	0.24915249005503967	0.24741820366806724	-4.432175734750226	0.9561051748082445
71	-8467.52202205399	-8474.508571021173	-8467.52202205399	-6.986548967182665	-8467.52202205399	0.9630265498629699	0.9366352025381571	0.9185903927025648	0.25317083988482386	0.2494028907580202	0.24915249005503967	0.24827377930211575	-4.112841650206415	1.5686331201658252
72	-8467.507955144772	-8474.964111938149	-8467.507955144772	-7.456156793376703	-8467.507955144772	0.9644498486023662	0.9379659789786079	0.9576673853589797	0.25317083988482386	0.2494028907580202	0.24915249005503967	0.24827377930211575	-4.568708177211054	2.025653793651365
73	-8467.497962149924	-8474.452482821822	-8467.497962149924	-6.954520671896745	-8467.497962149924	0.9577891557278997	0.9379659789786079	0.9576673853589797	0.25317083988482386	0.2494028907580202	0.24915249005503967	0.24827377930211575	-4.067072055731096	1.2766807868120165
74	-8467.488186987825	-8476.567228922695	-8467.488186987825	-9.079041934870165	-8467.488186987825	0.9576958462497438	0.9379659789786079	0.9645239034117863	0.25317083988482386	0.24811421542546722	0.25044116538759265	0.24827377930211575	-6.189206251654125	2.919372664519736
75	-8467.476141912077	-8474.751750358293	-8467.476141912077	-7.275608446216964	-8467.476141912077	0.9696412167907377	0.9379659789786079	0.9645239034117863	0.2541755432317195	0.24686154576636166	0.25153769780419244	0.24742521319772592	-4.385772763000924	1.847033897405309
76	-8467.458467993714	-8474.39096172178	-8467.458467993714	-6.932493728065099	-8467.458467993714	0.954395760246891	0.9379659789786079	0.9645239034117863	0.2541755432317195	0.24686154576636166	0.25153769780419244	0.24742521319772592	-4.042658044849058	1.4277445933178776
77	-8467.452338592175	-8474.656067278804	-8467.452338592175	-7.203728686628132	-8467.452338592175	0.9657237168193444	0.9379659789786079	0.9645239034117863	0.2541755432317195	0.24686154576636166	0.25153769780419244	0.24742521319772592	-4.313893003412092	1.0255743271592161
78	-8467.451839413448	-8474.418016078978	-8467.451839413448	-6.966176665530586	-8467.451839413448	0.9599737722427681	0.9379659789786079	0.9645239034117863	0.2541755432317195	0.24686154576636166	0.25153769780419244	0.24742521319772592	-4.076340982314546	1.5212791713410567
79	-8467.449717398895	-8474.888953080213	-8467.449717398895	-7.439235681318323	-8467.449717398895	0.9599737722427681	0.9379659789786079	0.9645239034117863	0.25388632053918986	0.24686154576636166	0.25153769780419244	0.24771443589025555	-4.549399998102283	0.8969857464491126
80	-8467.445908704896	-8474.863651835256	-8467.445908704896	-7.417743130359737	-8467.445908704896	0.962487727704644	0.9379659789786079	0.9645239034117863	0.25388632053918986	0.2464661292675706	0.25153769780419244	0.2481098523890466	-4.527907447143697	0.903740059919747
81	-8467.442944507497	-8474.485370741682	-8467.442944507497	-7.042426234185903	-8467.442944507497	0.9614925517402374	0.9379659789786079	0.9645239034117863	0.25388632053918986	0.2474514788724191	0.2504831043189434	0.24817909626944717	-4.1525905509698635	1.1596963215342857
82	-8467.440512983638	-8474.680165128724	-8467.440512983638	-7.239652145086415	-8467.440512983638	0.951721653534341	0.9379659789786079	0.9619881715072127	0.25388632053918986	0.2474514788724191	0.2504831043189434	0.24817909626944717	-4.350701074882635	1.8832342069748063
83	-8467.4390082078	-8474.691638374417	-8467.4390082078	-7.252630166617108	-8467.4390082078	0.9539401066808275	0.9379659789786079	0.9619881715072127	0.2525604618556187	0.2474514788724191	0.2504831043189434	0.24950495495301833	-4.363679096413327	1.9052000972005791
84	-8467.437231226702	-8475.841220403743	-8467.437231226702	-8.403989177040673	-8467.437231226702	0.9678886012092076	0.9379659789786079	0.9619881715072127	0.25273095526366884	0.24779303978705813	0.24997104999625425	0.24950495495301833	-5.515038106836892	0.6296418925187296
85	-8467.433050562837	-8474.541402230429	-8467.433050562837	-7.1083516675916885	-8467.433050562837	0.9678886012092076	0.9379659789786079	0.9619881715072127	0.25270259469485573	0.24779303978705813	0.24999941056506736	0.24950495495301833	-4.219400597387908	1.10672549560212
86	-8467.426853859324	-8475.660117284857	-8467.426853859324	-8.233263425533169	-8467.426853859324	0.9606768095488412	0.9379659789786079	0.9619881715072127	0.2527691697104798	0.24779303978705813	0.24993283554944332	0.24950495495301833	-5.3443123553293885	2.489388034276665
87	-8467.425826167988	-8474.468324580756	-8467.425826167988	-7.042498412767837	-8467.425826167988	0.9604351977811749	0.9379659789786079	0.9619881715072127	0.2527691697104798	0.24779303978705813	0.24993283554944332	0.24950495495301833	-4.153547342564057	1.1407216693738014
88	-8467.41162939639	-8474.696363438807	-8467.41162939639	-7.284734042416381	-8467.41162939639	0.9620600099107866	0.9379659789786079	0.9572543464172657	0.2539235784989849	0.24779303978705813	0.24993283554944332	0.24835054616451324	-4.397428724877812	0.9704476013255282
89	-8467.41114471312	-8474.373249314407	-8467.41114471312	-6.962104601286336	-8467.41114471312	0.9627561682697332	0.9379659789786079	0.9572543464172657	0.2539235784989849	0.24779303978705813	0.24993283554944332	0.24835054616451324	-4.074799283747767	1.3482428859029651
